\BOOKMARK [0][-]{chapter.7}{gamma-Astronomie}{}% 1
\BOOKMARK [1][-]{section.8}{Entstehung hochenergetischer Strahlung}{chapter.7}% 2
\BOOKMARK [1][-]{section.9}{Quellen hochenergetischer Strahlung}{chapter.7}% 3
\BOOKMARK [1][-]{section.10}{Detektion von Strahlung}{chapter.7}% 4
\BOOKMARK [2][-]{subsection.11}{Luftschauer}{section.10}% 5
\BOOKMARK [2][-]{subsection.12}{Cherenkov Strahlung}{section.10}% 6
\BOOKMARK [2][-]{subsection.14}{Bodengest\303\274tzte Detektion der Cherenkovstrahlung}{section.10}% 7
\BOOKMARK [0][-]{chapter.15}{Das Cherenkov Telescope Array}{}% 8
\BOOKMARK [1][-]{section.16}{Design-Konzept}{chapter.15}% 9
\BOOKMARK [2][-]{subsection.17}{Teleskoptypen}{section.16}% 10
\BOOKMARK [2][-]{subsection.19}{Arrays}{section.16}% 11
\BOOKMARK [1][-]{section.21}{Prototyp in Adlershof}{chapter.15}% 12
\BOOKMARK [2][-]{subsection.22}{Kameras des MST}{section.21}% 13
\BOOKMARK [2][-]{subsection.23}{Koordinatens des MST}{section.21}% 14
\BOOKMARK [2][-]{subsection.24}{Bestimmung der Bildkoordinaten durch astronometry.net}{section.21}% 15
\BOOKMARK [0][-]{chapter.25}{Bildanalyse}{}% 16
\BOOKMARK [1][-]{section.26}{CCD Kameras}{chapter.25}% 17
\BOOKMARK [1][-]{section.27}{Verwendete Kamera}{chapter.25}% 18
\BOOKMARK [1][-]{section.28}{Helligkeit der Bilder}{chapter.25}% 19
\BOOKMARK [1][-]{section.29}{Korrelation der Werte}{chapter.25}% 20
\BOOKMARK [2][-]{subsection.30}{Abh\303\244ngigkeit von der Belichtungszeit}{section.29}% 21
\BOOKMARK [2][-]{subsection.31}{Abh\303\244ngigkeit vom gain}{section.29}% 22
\BOOKMARK [1][-]{section.32}{Fazit}{chapter.25}% 23
\BOOKMARK [0][-]{chapter.33}{Pointingmodell}{}% 24
\BOOKMARK [1][-]{section.34}{Koordinatens des MST}{chapter.33}% 25
\BOOKMARK [1][-]{section.35}{Kameras des MST}{chapter.33}% 26
\BOOKMARK [1][-]{section.36}{Entwicklung von Pointingmodellen}{chapter.33}% 27
\BOOKMARK [1][-]{section.37}{Vereinfachtes Pointingmodell f\374r feste Azimutwerte}{chapter.33}% 28
