This is pdfTeX, Version 3.141592-1.40.4 (MiKTeX 2.7) (preloaded format=latex 2008.6.13)  25 JUN 2008 08:49
entering extended mode
**titlepage.tex
(titlepage.tex
LaTeX2e <2005/12/01>
Babel <v3.8h> and hyphenation patterns for english, dumylang, nohyphenation, ge
rman, ngerman, french, loaded.
)
*
(Please type a command or say `\end')
*\end

*x

! LaTeX Error: \begin{document} ended by \end{x}.

See the LaTeX manual or LaTeX Companion for explanation.
Type  H <return>  for immediate help.
 ...                                              
                                                  
<*> x
     
? x
 
Here is how much of TeX's memory you used:
 26 strings out of 95341
 419 string characters out of 1184786
 44877 words of memory out of 1500000
 3309 multiletter control sequences out of 110000
 3640 words of font info for 14 fonts, out of 1200000 for 2000
 14 hyphenation exceptions out of 8191
 5i,0n,6p,127b,14s stack positions out of 5000i,500n,10000p,200000b,5000s
No pages of output.
